<?xml version="1.0" encoding="UTF-8"?>
<!-- Generated by org.testng.reporters.JUnitReportReporter -->
<testsuite hostname="DESKTOP-6T0AJC6" failures="0" tests="1" name="tests.ServiceWebTest" time="0.414" errors="0" timestamp="2023-07-17T15:00:13 ART" skipped="0">
  <testcase classname="tests.ServiceWebTest" name="verificarDepartamentosMercadoLibre_05" time="0.414"/>
  <system-out>
    <![CDATA[====================================================
TEST METHOD: loginValido_01
Parameters:
password : secret_sauce
username : standard_user
====================================================
Ingresar usuario: standard_user
Ingresando contraseña
---------------
Finaliza loginValido_01
---------------
====================================================
TEST METHOD: loginFallido_02
Parameters:
password : secret_salsa
username : standard_user
====================================================
Ingresar usuario: standard_user
Ingresando contraseña
---------------
Finaliza loginFallido_02


Result: FAIL
---------------
Ingresar usuario: standard_user
Ingresar password
Agregar 3 a carrito
Ingresar usuario: standard_user
Ingresar password
Comparando valor inicial con el valor final]]>
  </system-out>
</testsuite> <!-- tests.ServiceWebTest -->
