<?xml version="1.0" encoding="UTF-8"?>
<!-- Generated by org.testng.reporters.JUnitReportReporter -->
<testsuite hostname="DESKTOP-6T0AJC6" failures="0" tests="1" name="tests.ServiceWebTest" time="0.493" errors="0" timestamp="2023-07-17T10:49:26 ART" skipped="0">
  <testcase classname="tests.ServiceWebTest" name="verificarDepartamentosMercadoLibre_05" time="0.493"/>
</testsuite> <!-- tests.ServiceWebTest -->
